{"E:\\CyberSoft_Backend\\be_cyber_media\\src\\common\\prisma\\init.prisma.js": {"path":"E:\\CyberSoft_Backend\\be_cyber_media\\src\\common\\prisma\\init.prisma.js","statementMap":{"0":{"start":{"line":3,"column":22},"end":{"line":9,"column":2}}},"fnMap":{},"branchMap":{},"s":{"0":1},"f":{},"b":{},"_coverageSchema":"1a1c01bbd47fc00a2c39e90264f33305004495a9","hash":"9dbc21e12c8d433aa6a3d82cc3e6a70796f832c7"}
,"E:\\CyberSoft_Backend\\be_cyber_media\\src\\services\\auth.service.js": {"path":"E:\\CyberSoft_Backend\\be_cyber_media\\src\\services\\auth.service.js","statementMap":{"0":{"start":{"line":8,"column":20},"end":{"line":133,"column":1}},"1":{"start":{"line":10,"column":48},"end":{"line":10,"column":60}},"2":{"start":{"line":11,"column":8},"end":{"line":11,"column":53}},"3":{"start":{"line":13,"column":27},"end":{"line":17,"column":10}},"4":{"start":{"line":19,"column":8},"end":{"line":19,"column":75}},"5":{"start":{"line":19,"column":24},"end":{"line":19,"column":75}},"6":{"start":{"line":21,"column":31},"end":{"line":21,"column":61}},"7":{"start":{"line":23,"column":24},"end":{"line":29,"column":10}},"8":{"start":{"line":31,"column":8},"end":{"line":31,"column":23}},"9":{"start":{"line":35,"column":37},"end":{"line":35,"column":49}},"10":{"start":{"line":36,"column":8},"end":{"line":36,"column":42}},"11":{"start":{"line":38,"column":27},"end":{"line":48,"column":10}},"12":{"start":{"line":50,"column":8},"end":{"line":50,"column":75}},"13":{"start":{"line":50,"column":25},"end":{"line":50,"column":75}},"14":{"start":{"line":52,"column":25},"end":{"line":52,"column":45}},"15":{"start":{"line":53,"column":32},"end":{"line":53,"column":71}},"16":{"start":{"line":54,"column":8},"end":{"line":54,"column":82}},"17":{"start":{"line":54,"column":30},"end":{"line":54,"column":82}},"18":{"start":{"line":56,"column":22},"end":{"line":56,"column":59}},"19":{"start":{"line":58,"column":8},"end":{"line":58,"column":21}},"20":{"start":{"line":62,"column":45},"end":{"line":62,"column":57}},"21":{"start":{"line":64,"column":8},"end":{"line":64,"column":50}},"22":{"start":{"line":66,"column":27},"end":{"line":78,"column":10}},"23":{"start":{"line":81,"column":8},"end":{"line":102,"column":9}},"24":{"start":{"line":82,"column":11},"end":{"line":91,"column":14}},"25":{"start":{"line":94,"column":12},"end":{"line":101,"column":14}},"26":{"start":{"line":104,"column":22},"end":{"line":104,"column":59}},"27":{"start":{"line":106,"column":8},"end":{"line":106,"column":21}},"28":{"start":{"line":110,"column":8},"end":{"line":110,"column":36}},"29":{"start":{"line":111,"column":29},"end":{"line":111,"column":74}},"30":{"start":{"line":112,"column":28},"end":{"line":112,"column":61}},"31":{"start":{"line":114,"column":8},"end":{"line":114,"column":72}},"32":{"start":{"line":114,"column":43},"end":{"line":114,"column":72}},"33":{"start":{"line":116,"column":36},"end":{"line":116,"column":82}},"34":{"start":{"line":117,"column":35},"end":{"line":117,"column":107}},"35":{"start":{"line":119,"column":8},"end":{"line":119,"column":101}},"36":{"start":{"line":119,"column":72},"end":{"line":119,"column":101}},"37":{"start":{"line":121,"column":21},"end":{"line":125,"column":10}},"38":{"start":{"line":127,"column":22},"end":{"line":127,"column":53}},"39":{"start":{"line":129,"column":8},"end":{"line":129,"column":21}}},"fnMap":{"0":{"name":"(anonymous_0)","decl":{"start":{"line":9,"column":14},"end":{"line":9,"column":15}},"loc":{"start":{"line":9,"column":33},"end":{"line":32,"column":5}},"line":9},"1":{"name":"(anonymous_1)","decl":{"start":{"line":34,"column":11},"end":{"line":34,"column":12}},"loc":{"start":{"line":34,"column":30},"end":{"line":59,"column":5}},"line":34},"2":{"name":"(anonymous_2)","decl":{"start":{"line":61,"column":19},"end":{"line":61,"column":20}},"loc":{"start":{"line":61,"column":38},"end":{"line":107,"column":5}},"line":61},"3":{"name":"(anonymous_3)","decl":{"start":{"line":109,"column":18},"end":{"line":109,"column":19}},"loc":{"start":{"line":109,"column":37},"end":{"line":131,"column":5}},"line":109}},"branchMap":{"0":{"loc":{"start":{"line":19,"column":8},"end":{"line":19,"column":75}},"type":"if","locations":[{"start":{"line":19,"column":8},"end":{"line":19,"column":75}},{"start":{},"end":{}}],"line":19},"1":{"loc":{"start":{"line":50,"column":8},"end":{"line":50,"column":75}},"type":"if","locations":[{"start":{"line":50,"column":8},"end":{"line":50,"column":75}},{"start":{},"end":{}}],"line":50},"2":{"loc":{"start":{"line":54,"column":8},"end":{"line":54,"column":82}},"type":"if","locations":[{"start":{"line":54,"column":8},"end":{"line":54,"column":82}},{"start":{},"end":{}}],"line":54},"3":{"loc":{"start":{"line":81,"column":8},"end":{"line":102,"column":9}},"type":"if","locations":[{"start":{"line":81,"column":8},"end":{"line":102,"column":9}},{"start":{"line":93,"column":15},"end":{"line":102,"column":9}}],"line":81},"4":{"loc":{"start":{"line":87,"column":31},"end":{"line":87,"column":70}},"type":"cond-expr","locations":[{"start":{"line":87,"column":54},"end":{"line":87,"column":63}},{"start":{"line":87,"column":66},"end":{"line":87,"column":70}}],"line":87},"5":{"loc":{"start":{"line":88,"column":28},"end":{"line":88,"column":76}},"type":"cond-expr","locations":[{"start":{"line":88,"column":48},"end":{"line":88,"column":57}},{"start":{"line":88,"column":60},"end":{"line":88,"column":76}}],"line":88},"6":{"loc":{"start":{"line":114,"column":8},"end":{"line":114,"column":72}},"type":"if","locations":[{"start":{"line":114,"column":8},"end":{"line":114,"column":72}},{"start":{},"end":{}}],"line":114},"7":{"loc":{"start":{"line":114,"column":12},"end":{"line":114,"column":41}},"type":"binary-expr","locations":[{"start":{"line":114,"column":12},"end":{"line":114,"column":25}},{"start":{"line":114,"column":29},"end":{"line":114,"column":41}}],"line":114},"8":{"loc":{"start":{"line":119,"column":8},"end":{"line":119,"column":101}},"type":"if","locations":[{"start":{"line":119,"column":8},"end":{"line":119,"column":101}},{"start":{},"end":{}}],"line":119}},"s":{"0":1,"1":1,"2":1,"3":1,"4":1,"5":0,"6":1,"7":1,"8":1,"9":0,"10":0,"11":0,"12":0,"13":0,"14":0,"15":0,"16":0,"17":0,"18":0,"19":0,"20":0,"21":0,"22":0,"23":0,"24":0,"25":0,"26":0,"27":0,"28":0,"29":0,"30":0,"31":0,"32":0,"33":0,"34":0,"35":0,"36":0,"37":0,"38":0,"39":0},"f":{"0":1,"1":0,"2":0,"3":0},"b":{"0":[0,1],"1":[0,0],"2":[0,0],"3":[0,0],"4":[0,0],"5":[0,0],"6":[0,0],"7":[0,0],"8":[0,0]},"_coverageSchema":"1a1c01bbd47fc00a2c39e90264f33305004495a9","hash":"e5a1ff7365ab6c06b631373c46406a27535350d9"}
}
